<?xml version="1.0" encoding="UTF-8" ?>
<testsuite tests="10" failures="0" name="ngdemo.tests.integration.web.UserRestServiceTest" time="1.748" errors="0" skipped="0">
  <properties>
[...]
</properties>
  <testcase classname="ngdemo.tests.integration.web.UserRestServiceTest" name="testGetAllUsersShouldReturnSuccessStatus" time="0.157"/>
  <testcase classname="ngdemo.tests.integration.web.UserRestServiceTest" name="testUpdateUserShouldReturnUpdatedUser" time="0.217"/>
  <testcase classname="ngdemo.tests.integration.web.UserRestServiceTest" name="testGetUserByIdOneShouldReturnFirstUser" time="0.179"/>
  <testcase classname="ngdemo.tests.integration.web.UserRestServiceTest" name="testGetAllUsersShouldReturnUsers" time="0.175"/>
  <testcase classname="ngdemo.tests.integration.web.UserRestServiceTest" name="testCreateUserShouldReturnNewUserWithCorrectId" time="0.181"/>
  <testcase classname="ngdemo.tests.integration.web.UserRestServiceTest" name="testRemoveUserShouldReturnSuccessStatus" time="0.125"/>
  <testcase classname="ngdemo.tests.integration.web.UserRestServiceTest" name="testGetUserByIdShouldReturnSuccessStatus" time="0.179"/>
  <testcase classname="ngdemo.tests.integration.web.UserRestServiceTest" name="testGetAllUsersShouldReturnJSArray" time="0.179"/>
  <testcase classname="ngdemo.tests.integration.web.UserRestServiceTest" name="testRemoveUserShouldDecreaseNumberOfUsersByOne" time="0.195"/>
  <testcase classname="ngdemo.tests.integration.web.UserRestServiceTest" name="testGetNumberOfUserShouldReturnSuccessStatusAndCorrectNumber" time="0.161"/>
</testsuite>